***************************************************************************
 ALAMO version 2014.6.0. Built: WIN-64 Mon Jul 7 11:27:39 EDT 2014 
The options used in solving the problem are as follows:

NINPUTS           =              2
NOUTPUTS          =              1
NDATA             =              0
PRFREQ            =              1
INITIALPOINTS     =             10
NCANDIDATE        =             10
MODELBUILDER      =              1
TOLRELAICC        =      0.1000E-03
SAMPLER           =              1
TOLMAXERROR       =      0.5000E-01
MINPOINTS         =              2
MAXPOINTS         =              8
OBJFUN            =              1
SNOBFITP          =      0.5000E+00
SNOBFITRESOLUTION =      0.1000E-04
MAXTIME           =      0.1000E+04
MONO              =              2
MULTI2            =              0
MULTI3            =              0
RATIOS            =              0
EXPFCNS           =              T
LOGFCNS           =              F
SINFCNS           =              T
COSFCNS           =              F
OTHERBASIS        =              0
MAXITER           =              1
TOLESTERROR       =      0.1000E-01
===========================================================================

XLABELS            XMIN           XMAX 
X1                 -0.5000E+01    0.5000E+01
X2                 -0.5000E+01    0.5000E+01

ZLABELS            TOLMEANERROR   MAXTERMS
Z1

XDATA and ZDATA

MONOPOWERS
   1.0000000000000000        2.0000000000000000     
===========================================================================
Total number of bases considered =         7

BASES considered
exp(X1)                                                                         
exp(X2)                                                                         
X1                                                                              
X2                                                                              
X1**2.0                                                                         
X2**2.0                                                                         
1.00                                                                            
===========================================================================
 
 Step 0: Initializing data set
 User provided no initial data set
 We will sample 10 data points to add to the initial set
 
 ***************************************************************************
 Iteration 1 (Approx. elapsed time 0.45 s)
 
 Step 1: Build model
 Successive models for variable Z1
 Z1 = 0.00
 Z1 = 0.10212961152795514696567 * exp(X1)
 Z1 = 1.0000000000001845190667 * X1 + 0.99999999999999755750935 * X2
 Z1 = 1.0000000000001845190667 * X1 + 0.99999999999999755750935 * X2
 
 Step 2: Adaptive sampling using RANDOM sampler
 Converged model for output Z1 with max error 0.21E-21
 
 Calculating errors on observed data set
 Errors on observed data points (x, z, zmodel, errors):
  -3.5260986490200001        3.0206420412299999      -0.50545660778900003      -0.50545660779065837       2.75009199301238697E-024
 -0.14125991147000000        1.9666621601200001        1.8254022486499999        1.8254022486499690       9.52598846860948068E-028
   3.0713121639600001       0.72791354265099995        3.7992257066100001        3.7992257066115647       2.44774250052920986E-024
  -3.2743282197000001        3.8028087979200000       0.52848057821399996       0.52848057821938665       2.90164409333317833E-023
   2.2858067648499998      -0.51043859217300003        1.7753681726799999        1.7753681726774229       6.64118507772116883E-024
  -3.6348924366799999        2.7845927095000000      -0.85029972717199998      -0.85029972718067715       7.52932808326212756E-023
 -0.57841181289400001        1.4681947370999999       0.88978292420500005       0.88978292420588967       7.91426786248807943E-025
   4.0148747386399997       0.87549579795400001        4.8903705365999999        4.8903705365947383       2.76841079029834188E-023
 -0.88089786004299997       -3.1648493418500001       -4.0457472018900003       -4.0457472018931551       9.95282453834556053E-024
  -1.0610153107000000        2.1175522124400001        1.0565369017399999        1.0565369017397990       4.03810501811649496E-026
   2.2544510709100001        4.4687365135199997        6.7231875844299998        6.7231875844304056       1.64752811194503095E-025
  -3.4776405571000000       -1.0844719642800000       -4.5621125213799996       -4.5621125213806391       4.08945493266572520E-025
   4.7919332282599996       -1.4881529519300001        3.3037802763299999        3.3037802763308877       7.88072241531017099E-025
  -2.0563167659600001        1.0554759716600000       -1.0008407942999999       -1.0008407943003821       1.46030035773794177E-025
   4.8397067235800000      -0.46104340348400003        4.3786633200900003        4.3786633200968934       4.75155543563467358E-023
   3.6763790668900000       -3.7923349672900000      -0.11595590040100000      -0.11595590039931203       2.84924005003339270E-024
   4.1585785942199998      -0.91751372907300000        3.2410648651399998        3.2410648651477691       6.03626553217609547E-023
  -2.9322897223800002       0.66388522740500000       -2.2684044949700000       -2.2684044949755426       3.07212730723974747E-023

 RMSE for observed data set:
 Z1:        0.407E-11
 
 Total execution time 0.84 s
 Times breakdown
     OLR time:        0.0 s in 26 orinary linear regression problem(s)
     MIQP time:       0.0 s in 0 optimization problem(s)
     Simulation time: 0.81 s to simulate 18 point(s)
     All other time:  0.31E-01 s in 1 iteration(s)
 
 Normal termination
***************************************************************************
