/Users/sotorrio1/PycharmProjects/FOQUS-sotorrio/foqusPSUADEClient.py psuadeEval.in.1180 psuadeEval.out.1180 1180 0
Create client
Get samples from file psuadeEval.in.1180
Number of samples is 20
0.4458796778652 0.1925949174797 7.894736842105 -10.0 4.736842105263 4.0
0.4458796778652 0.1925949174797 -3.684210526316 -5.789473684211 -1.578947368421 4.0
0.4458796778652 0.1925949174797 -10.0 7.894736842105 -5.789473684211 4.0
0.4458796778652 0.1925949174797 6.842105263158 -4.736842105263 8.947368421053 4.0
0.4458796778652 0.1925949174797 -2.631578947368 1.578947368421 5.789473684211 4.0
0.4458796778652 0.1925949174797 -1.578947368421 2.631578947368 -4.736842105263 4.0
0.4458796778652 0.1925949174797 -6.842105263158 10.0 1.578947368421 4.0
0.4458796778652 0.1925949174797 3.684210526316 8.947368421053 -7.894736842105 4.0
0.4458796778652 0.1925949174797 5.789473684211 4.736842105263 -3.684210526316 4.0
0.4458796778652 0.1925949174797 8.947368421053 6.842105263158 6.842105263158 4.0
0.4458796778652 0.1925949174797 10.0 -6.842105263158 7.894736842105 4.0
0.4458796778652 0.1925949174797 -8.947368421053 -0.5263157894737 -10.0 4.0
0.4458796778652 0.1925949174797 1.578947368421 -8.947368421053 -2.631578947368 4.0
0.4458796778652 0.1925949174797 0.5263157894737 3.684210526316 -8.947368421053 4.0
0.4458796778652 0.1925949174797 2.631578947368 -3.684210526316 0.5263157894737 4.0
0.4458796778652 0.1925949174797 -0.5263157894737 5.789473684211 -0.5263157894737 4.0
0.4458796778652 0.1925949174797 -7.894736842105 -7.894736842105 3.684210526316 4.0
0.4458796778652 0.1925949174797 -5.789473684211 -2.631578947368 -6.842105263158 4.0
0.4458796778652 0.1925949174797 4.736842105263 -1.578947368421 10.0 4.0
0.4458796778652 0.1925949174797 -4.736842105263 0.5263157894737 2.631578947368 4.0
Send clear
Write samples:
0.4458796778652 0.1925949174797 7.894736842105 -10.0 4.736842105263 4.0
0.4458796778652 0.1925949174797 -3.684210526316 -5.789473684211 -1.578947368421 4.0
0.4458796778652 0.1925949174797 -10.0 7.894736842105 -5.789473684211 4.0
0.4458796778652 0.1925949174797 6.842105263158 -4.736842105263 8.947368421053 4.0
0.4458796778652 0.1925949174797 -2.631578947368 1.578947368421 5.789473684211 4.0
0.4458796778652 0.1925949174797 -1.578947368421 2.631578947368 -4.736842105263 4.0
0.4458796778652 0.1925949174797 -6.842105263158 10.0 1.578947368421 4.0
0.4458796778652 0.1925949174797 3.684210526316 8.947368421053 -7.894736842105 4.0
0.4458796778652 0.1925949174797 5.789473684211 4.736842105263 -3.684210526316 4.0
0.4458796778652 0.1925949174797 8.947368421053 6.842105263158 6.842105263158 4.0
0.4458796778652 0.1925949174797 10.0 -6.842105263158 7.894736842105 4.0
0.4458796778652 0.1925949174797 -8.947368421053 -0.5263157894737 -10.0 4.0
0.4458796778652 0.1925949174797 1.578947368421 -8.947368421053 -2.631578947368 4.0
0.4458796778652 0.1925949174797 0.5263157894737 3.684210526316 -8.947368421053 4.0
0.4458796778652 0.1925949174797 2.631578947368 -3.684210526316 0.5263157894737 4.0
0.4458796778652 0.1925949174797 -0.5263157894737 5.789473684211 -0.5263157894737 4.0
0.4458796778652 0.1925949174797 -7.894736842105 -7.894736842105 3.684210526316 4.0
0.4458796778652 0.1925949174797 -5.789473684211 -2.631578947368 -6.842105263158 4.0
0.4458796778652 0.1925949174797 4.736842105263 -1.578947368421 10.0 4.0
0.4458796778652 0.1925949174797 -4.736842105263 0.5263157894737 2.631578947368 4.0
Samples sent. Running...
Get results
Done
